生成启动时间为 2015/5/1 1:54:48。
     1>项目“C:\Users\jokiestrunk\Documents\Visual Studio 2013\Projects\GedReader\GedReader\GedReader.vcxproj”在节点 2 上(Build 个目标)。
     1>ClCompile:
         C:\Program Files (x86)\Microsoft Visual Studio 12.0\VC\bin\CL.exe /c /ZI /nologo /W3 /WX- /Od /Oy- /D WIN32 /D _DEBUG /D _CONSOLE /D _LIB /D _UNICODE /D UNICODE /Gm /EHsc /RTC1 /MDd /GS /fp:precise /Zc:wchar_t /Zc:forScope /Fo"Debug\\" /Fd"Debug\vc120.pdb" /Gd /TP /analyze- /errorReport:prompt Family.cpp Index.cpp source.cpp
         Index.cpp
         Family.cpp
         正在生成代码...
         正在跳过...(未检测到相关更改)
         source.cpp
       Link:
         C:\Program Files (x86)\Microsoft Visual Studio 12.0\VC\bin\link.exe /ERRORREPORT:PROMPT /OUT:"C:\Users\jokiestrunk\Documents\Visual Studio 2013\Projects\GedReader\Debug\GedReader.exe" /INCREMENTAL /NOLOGO kernel32.lib user32.lib gdi32.lib winspool.lib comdlg32.lib advapi32.lib shell32.lib ole32.lib oleaut32.lib uuid.lib odbc32.lib odbccp32.lib /MANIFEST /MANIFESTUAC:"level='asInvoker' uiAccess='false'" /manifest:embed /DEBUG /PDB:"C:\Users\jokiestrunk\Documents\Visual Studio 2013\Projects\GedReader\Debug\GedReader.pdb" /SUBSYSTEM:CONSOLE /TLBID:1 /DYNAMICBASE /NXCOMPAT /IMPLIB:"C:\Users\jokiestrunk\Documents\Visual Studio 2013\Projects\GedReader\Debug\GedReader.lib" /MACHINE:X86 Debug\Date.obj
         Debug\Family.obj
         Debug\Index.obj
         Debug\Individual.obj
         Debug\Internal_Error.obj
         Debug\Invalid_Tag.obj
         Debug\People.obj
         Debug\source.obj
         GedReader.vcxproj -> C:\Users\jokiestrunk\Documents\Visual Studio 2013\Projects\GedReader\Debug\GedReader.exe
     1>已完成生成项目“C:\Users\jokiestrunk\Documents\Visual Studio 2013\Projects\GedReader\GedReader\GedReader.vcxproj”(Build 个目标)的操作。

生成成功。

已用时间 00:00:05.54
